<?xml version="1.0" encoding="UTF-8"?>
<!-- Generated by org.testng.reporters.JUnitReportReporter -->
<testsuite skipped="0" hostname="DESKTOP-CT1BVK4" name="com.example.service.CalculateSimpleNGTest" tests="10" failures="0" timestamp="11 ene 2022 23:02:48 GMT" time="78.899" errors="0">
  <testcase name="factorialTest" time="7.644" classname="com.example.service.CalculateSimpleNGTest"/>
  <testcase name="sqrtTest" time="7.636" classname="com.example.service.CalculateSimpleNGTest"/>
  <testcase name="clearAdvancedTest" time="7.870" classname="com.example.service.CalculateSimpleNGTest"/>
  <testcase name="potenciaTest" time="7.622" classname="com.example.service.CalculateSimpleNGTest"/>
  <testcase name="restaTest" time="7.865" classname="com.example.service.CalculateSimpleNGTest"/>
  <testcase name="multiplicacionTest" time="8.920" classname="com.example.service.CalculateSimpleNGTest"/>
  <testcase name="sumaTest" time="7.901" classname="com.example.service.CalculateSimpleNGTest"/>
  <testcase name="clearSimpleTest" time="7.804" classname="com.example.service.CalculateSimpleNGTest"/>
  <testcase name="fibonacciTest" time="7.807" classname="com.example.service.CalculateSimpleNGTest"/>
  <testcase name="divideTest" time="7.830" classname="com.example.service.CalculateSimpleNGTest"/>
</testsuite> <!-- com.example.service.CalculateSimpleNGTest -->
